<?xml version="1.0" encoding="UTF-8"?>
<!-- Generated by org.testng.reporters.JUnitReportReporter -->
<testsuite skipped="0" hostname="manishamishra" name="TestCases.LoginUser" tests="1" failures="0" timestamp="2020-05-20T15:15:36 IST" time="68.496" errors="0">
  <testcase name="Loginuser" time="68.496" classname="TestCases.LoginUser"/>
</testsuite> <!-- TestCases.LoginUser -->
