<?xml version="1.0" encoding="UTF-8"?>
<!-- Generated by org.testng.reporters.JUnitReportReporter -->
<testsuite skipped="0" hostname="manishamishra" name="TestCases.RegisterNewUser" tests="1" failures="0" timestamp="2020-05-20T11:51:29 IST" time="22.078" errors="0">
  <testcase name="newUserRegister" time="22.078" classname="TestCases.RegisterNewUser"/>
</testsuite> <!-- TestCases.RegisterNewUser -->
