<?xml version="1.0" encoding="UTF-8"?>
<!-- Generated by org.testng.reporters.JUnitReportReporter -->
<testsuite skipped="0" hostname="manishamishra" name="TestCases.LoginUser" tests="1" failures="0" timestamp="2020-05-20T12:04:07 IST" time="82.189" errors="0">
  <testcase name="Loginuser" time="82.189" classname="TestCases.LoginUser"/>
</testsuite> <!-- TestCases.LoginUser -->
